<?xml version="1.0" encoding="UTF-8"?>
<!-- Generated by org.testng.reporters.JUnitReportReporter -->
<testsuite hostname="QT-INBG-LT0549" failures="0" tests="2" name="SampleProject.TestProject.mobileAutomation" time="0.008" errors="0" timestamp="12 May 2019 16:44:28 GMT" skipped="0">
  <testcase classname="SampleProject.TestProject.mobileAutomation" name="MobileTestcase2" time="0.001"/>
  <testcase classname="SampleProject.TestProject.mobileAutomation" name="MobileTestcase1" time="0.007"/>
</testsuite> <!-- SampleProject.TestProject.mobileAutomation -->
